# JRE version: Java(TM) SE Runtime Environment (8.0_45-b14) (build 1.8.0_45-b14)
# Java VM: Java HotSpot(TM) 64-Bit Server VM (25.45-b02 mixed mode bsd-amd64 compressed oops)
Heap:
 PSYoungGen      total 116736K, used 17698K [0x00000007b5580000, 0x00000007c0000000, 0x00000007c0000000)
  eden space 65536K, 16% used [0x00000007b5580000,0x00000007b5fde0c0,0x00000007b9580000)
  from space 51200K, 13% used [0x00000007bc900000,0x00000007bcfeaaf0,0x00000007bfb00000)
  to   space 52736K, 0% used [0x00000007b9580000,0x00000007b9580000,0x00000007bc900000)
 ParOldGen       total 260096K, used 82543K [0x00000007a0000000, 0x00000007afe00000, 0x00000007b5580000)
  object space 260096K, 31% used [0x00000007a0000000,0x00000007a509bc18,0x00000007afe00000)
 Metaspace       used 42747K, capacity 43328K, committed 43816K, reserved 1087488K
  class space    used 4900K, capacity 5047K, committed 5168K, reserved 1048576K
GC Heap History (10 events):
Event: 3.133 GC heap before
{Heap before GC invocations=10 (full 1):
 PSYoungGen      total 117760K, used 79881K [0x00000007b5580000, 0x00000007c0000000, 0x00000007c0000000)
  eden space 60416K, 100% used [0x00000007b5580000,0x00000007b9080000,0x00000007b9080000)
  from space 57344K, 33% used [0x00000007bc800000,0x00000007bdb02580,0x00000007c0000000)
  to   space 56832K, 0% used [0x00000007b9080000,0x00000007b9080000,0x00000007bc800000)
 ParOldGen       total 221184K, used 106743K [0x00000007a0000000, 0x00000007ad800000, 0x00000007b5580000)
  object space 221184K, 48% used [0x00000007a0000000,0x00000007a683de08,0x00000007ad800000)
 Metaspace       used 29065K, capacity 29608K, committed 29744K, reserved 1075200K
  class space    used 3429K, capacity 3592K, committed 3632K, reserved 1048576K
Event: 3.146 GC heap after
Heap after GC invocations=10 (full 1):
 PSYoungGen      total 84992K, used 24064K [0x00000007b5580000, 0x00000007bfb80000, 0x00000007c0000000)
  eden space 60416K, 0% used [0x00000007b5580000,0x00000007b5580000,0x00000007b9080000)
  from space 24576K, 97% used [0x00000007b9080000,0x00000007ba800038,0x00000007ba880000)
  to   space 54784K, 0% used [0x00000007bc600000,0x00000007bc600000,0x00000007bfb80000)
 ParOldGen       total 221184K, used 106751K [0x00000007a0000000, 0x00000007ad800000, 0x00000007b5580000)
  object space 221184K, 48% used [0x00000007a0000000,0x00000007a683fe08,0x00000007ad800000)
 Metaspace       used 29065K, capacity 29608K, committed 29744K, reserved 1075200K
  class space    used 3429K, capacity 3592K, committed 3632K, reserved 1048576K
}
Event: 13.661 GC heap before
{Heap before GC invocations=11 (full 1):
 PSYoungGen      total 84992K, used 84480K [0x00000007b5580000, 0x00000007bfb80000, 0x00000007c0000000)
  eden space 60416K, 100% used [0x00000007b5580000,0x00000007b9080000,0x00000007b9080000)
  from space 24576K, 97% used [0x00000007b9080000,0x00000007ba800038,0x00000007ba880000)
  to   space 54784K, 0% used [0x00000007bc600000,0x00000007bc600000,0x00000007bfb80000)
 ParOldGen       total 221184K, used 106751K [0x00000007a0000000, 0x00000007ad800000, 0x00000007b5580000)
  object space 221184K, 48% used [0x00000007a0000000,0x00000007a683fe08,0x00000007ad800000)
 Metaspace       used 33864K, capacity 34512K, committed 34608K, reserved 1079296K
  class space    used 3970K, capacity 4138K, committed 4144K, reserved 1048576K
Event: 13.672 GC heap after
Heap after GC invocations=11 (full 1):
 PSYoungGen      total 117248K, used 27429K [0x00000007b5580000, 0x00000007c0000000, 0x00000007c0000000)
  eden space 62464K, 0% used [0x00000007b5580000,0x00000007b5580000,0x00000007b9280000)
  from space 54784K, 50% used [0x00000007bc600000,0x00000007be0c9540,0x00000007bfb80000)
  to   space 52736K, 0% used [0x00000007b9280000,0x00000007b9280000,0x00000007bc600000)
 ParOldGen       total 221184K, used 106759K [0x00000007a0000000, 0x00000007ad800000, 0x00000007b5580000)
  object space 221184K, 48% used [0x00000007a0000000,0x00000007a6841e08,0x00000007ad800000)
 Metaspace       used 33864K, capacity 34512K, committed 34608K, reserved 1079296K
  class space    used 3970K, capacity 4138K, committed 4144K, reserved 1048576K
}
Event: 13.760 GC heap before
{Heap before GC invocations=12 (full 1):
 PSYoungGen      total 117248K, used 41386K [0x00000007b5580000, 0x00000007c0000000, 0x00000007c0000000)
  eden space 62464K, 22% used [0x00000007b5580000,0x00000007b63213c0,0x00000007b9280000)
  from space 54784K, 50% used [0x00000007bc600000,0x00000007be0c9540,0x00000007bfb80000)
  to   space 52736K, 0% used [0x00000007b9280000,0x00000007b9280000,0x00000007bc600000)
 ParOldGen       total 221184K, used 106759K [0x00000007a0000000, 0x00000007ad800000, 0x00000007b5580000)
  object space 221184K, 48% used [0x00000007a0000000,0x00000007a6841e08,0x00000007ad800000)
 Metaspace       used 34776K, capacity 35312K, committed 35496K, reserved 1081344K
  class space    used 4079K, capacity 4234K, committed 4272K, reserved 1048576K
Event: 13.773 GC heap after
Heap after GC invocations=12 (full 1):
 PSYoungGen      total 115200K, used 23742K [0x00000007b5580000, 0x00000007bfb00000, 0x00000007c0000000)
  eden space 62464K, 0% used [0x00000007b5580000,0x00000007b5580000,0x00000007b9280000)
  from space 52736K, 45% used [0x00000007b9280000,0x00000007ba9af9b0,0x00000007bc600000)
  to   space 51200K, 0% used [0x00000007bc900000,0x00000007bc900000,0x00000007bfb00000)
 ParOldGen       total 221184K, used 106767K [0x00000007a0000000, 0x00000007ad800000, 0x00000007b5580000)
  object space 221184K, 48% used [0x00000007a0000000,0x00000007a6843e08,0x00000007ad800000)
 Metaspace       used 34776K, capacity 35312K, committed 35496K, reserved 1081344K
  class space    used 4079K, capacity 4234K, committed 4272K, reserved 1048576K
}
Event: 13.773 GC heap before
{Heap before GC invocations=13 (full 2):
 PSYoungGen      total 115200K, used 23742K [0x00000007b5580000, 0x00000007bfb00000, 0x00000007c0000000)
  eden space 62464K, 0% used [0x00000007b5580000,0x00000007b5580000,0x00000007b9280000)
  from space 52736K, 45% used [0x00000007b9280000,0x00000007ba9af9b0,0x00000007bc600000)
  to   space 51200K, 0% used [0x00000007bc900000,0x00000007bc900000,0x00000007bfb00000)
 ParOldGen       total 221184K, used 106767K [0x00000007a0000000, 0x00000007ad800000, 0x00000007b5580000)
  object space 221184K, 48% used [0x00000007a0000000,0x00000007a6843e08,0x00000007ad800000)
 Metaspace       used 34776K, capacity 35312K, committed 35496K, reserved 1081344K
  class space    used 4079K, capacity 4234K, committed 4272K, reserved 1048576K
Event: 13.894 GC heap after
Heap after GC invocations=13 (full 2):
 PSYoungGen      total 115200K, used 0K [0x00000007b5580000, 0x00000007bfb00000, 0x00000007c0000000)
  eden space 62464K, 0% used [0x00000007b5580000,0x00000007b5580000,0x00000007b9280000)
  from space 52736K, 0% used [0x00000007b9280000,0x00000007b9280000,0x00000007bc600000)
  to   space 51200K, 0% used [0x00000007bc900000,0x00000007bc900000,0x00000007bfb00000)
 ParOldGen       total 260096K, used 82535K [0x00000007a0000000, 0x00000007afe00000, 0x00000007b5580000)
  object space 260096K, 31% used [0x00000007a0000000,0x00000007a5099c18,0x00000007afe00000)
 Metaspace       used 34776K, capacity 35312K, committed 35496K, reserved 1081344K
  class space    used 4079K, capacity 4234K, committed 4272K, reserved 1048576K
}
Event: 14.405 GC heap before
{Heap before GC invocations=14 (full 2):
 PSYoungGen      total 115200K, used 62464K [0x00000007b5580000, 0x00000007bfb00000, 0x00000007c0000000)
  eden space 62464K, 100% used [0x00000007b5580000,0x00000007b9280000,0x00000007b9280000)
  from space 52736K, 0% used [0x00000007b9280000,0x00000007b9280000,0x00000007bc600000)
  to   space 51200K, 0% used [0x00000007bc900000,0x00000007bc900000,0x00000007bfb00000)
 ParOldGen       total 260096K, used 82535K [0x00000007a0000000, 0x00000007afe00000, 0x00000007b5580000)
  object space 260096K, 31% used [0x00000007a0000000,0x00000007a5099c18,0x00000007afe00000)
 Metaspace       used 41575K, capacity 42208K, committed 42664K, reserved 1087488K
  class space    used 4776K, capacity 4951K, committed 5040K, reserved 1048576K
Event: 14.409 GC heap after
Heap after GC invocations=14 (full 2):
 PSYoungGen      total 116736K, used 7082K [0x00000007b5580000, 0x00000007c0000000, 0x00000007c0000000)
  eden space 65536K, 0% used [0x00000007b5580000,0x00000007b5580000,0x00000007b9580000)
  from space 51200K, 13% used [0x00000007bc900000,0x00000007bcfeaaf0,0x00000007bfb00000)
  to   space 52736K, 0% used [0x00000007b9580000,0x00000007b9580000,0x00000007bc900000)
 ParOldGen       total 260096K, used 82543K [0x00000007a0000000, 0x00000007afe00000, 0x00000007b5580000)
  object space 260096K, 31% used [0x00000007a0000000,0x00000007a509bc18,0x00000007afe00000)
 Metaspace       used 41575K, capacity 42208K, committed 42664K, reserved 1087488K
  class space    used 4776K, capacity 4951K, committed 5040K, reserved 1048576K
}

