# JRE version: Java(TM) SE Runtime Environment (8.0_45-b14) (build 1.8.0_45-b14)
# Java VM: Java HotSpot(TM) 64-Bit Server VM (25.45-b02 mixed mode bsd-amd64 compressed oops)
Heap:
 PSYoungGen      total 115712K, used 45703K [0x00000007b5580000, 0x00000007c0000000, 0x00000007c0000000)
  eden space 64000K, 59% used [0x00000007b5580000,0x00000007b7ac76d8,0x00000007b9400000)
  from space 51712K, 14% used [0x00000007b9400000,0x00000007b9b5a8c0,0x00000007bc680000)
  to   space 53248K, 0% used [0x00000007bcc00000,0x00000007bcc00000,0x00000007c0000000)
 ParOldGen       total 281088K, used 89211K [0x00000007a0000000, 0x00000007b1280000, 0x00000007b5580000)
  object space 281088K, 31% used [0x00000007a0000000,0x00000007a571eeb0,0x00000007b1280000)
 Metaspace       used 43332K, capacity 43880K, committed 44072K, reserved 1087488K
  class space    used 4926K, capacity 5091K, committed 5160K, reserved 1048576K
GC Heap History (10 events):
Event: 2.781 GC heap before
{Heap before GC invocations=9 (full 1):
 PSYoungGen      total 78848K, used 78757K [0x00000007b5580000, 0x00000007c0000000, 0x00000007c0000000)
  eden space 62976K, 100% used [0x00000007b5580000,0x00000007b9300000,0x00000007b9300000)
  from space 15872K, 99% used [0x00000007b9300000,0x00000007ba2696f0,0x00000007ba280000)
  to   space 56832K, 0% used [0x00000007bc880000,0x00000007bc880000,0x00000007c0000000)
 ParOldGen       total 226816K, used 110765K [0x00000007a0000000, 0x00000007add80000, 0x00000007b5580000)
  object space 226816K, 48% used [0x00000007a0000000,0x00000007a6c2b458,0x00000007add80000)
 Metaspace       used 27611K, capacity 28164K, committed 28544K, reserved 1075200K
  class space    used 3247K, capacity 3390K, committed 3456K, reserved 1048576K
Event: 2.790 GC heap after
Heap after GC invocations=9 (full 1):
 PSYoungGen      total 118784K, used 21132K [0x00000007b5580000, 0x00000007c0000000, 0x00000007c0000000)
  eden space 61952K, 0% used [0x00000007b5580000,0x00000007b5580000,0x00000007b9200000)
  from space 56832K, 37% used [0x00000007bc880000,0x00000007bdd23038,0x00000007c0000000)
  to   space 55808K, 0% used [0x00000007b9200000,0x00000007b9200000,0x00000007bc880000)
 ParOldGen       total 226816K, used 110773K [0x00000007a0000000, 0x00000007add80000, 0x00000007b5580000)
  object space 226816K, 48% used [0x00000007a0000000,0x00000007a6c2d458,0x00000007add80000)
 Metaspace       used 27611K, capacity 28164K, committed 28544K, reserved 1075200K
  class space    used 3247K, capacity 3390K, committed 3456K, reserved 1048576K
}
Event: 3.021 GC heap before
{Heap before GC invocations=10 (full 1):
 PSYoungGen      total 118784K, used 83084K [0x00000007b5580000, 0x00000007c0000000, 0x00000007c0000000)
  eden space 61952K, 100% used [0x00000007b5580000,0x00000007b9200000,0x00000007b9200000)
  from space 56832K, 37% used [0x00000007bc880000,0x00000007bdd23038,0x00000007c0000000)
  to   space 55808K, 0% used [0x00000007b9200000,0x00000007b9200000,0x00000007bc880000)
 ParOldGen       total 226816K, used 110773K [0x00000007a0000000, 0x00000007add80000, 0x00000007b5580000)
  object space 226816K, 48% used [0x00000007a0000000,0x00000007a6c2d458,0x00000007add80000)
 Metaspace       used 30283K, capacity 30894K, committed 31232K, reserved 1077248K
  class space    used 3575K, capacity 3721K, committed 3840K, reserved 1048576K
Event: 3.036 GC heap after
Heap after GC invocations=10 (full 1):
 PSYoungGen      total 88064K, used 25758K [0x00000007b5580000, 0x00000007bfb00000, 0x00000007c0000000)
  eden space 61952K, 0% used [0x00000007b5580000,0x00000007b5580000,0x00000007b9200000)
  from space 26112K, 98% used [0x00000007b9200000,0x00000007bab27ae0,0x00000007bab80000)
  to   space 53760K, 0% used [0x00000007bc680000,0x00000007bc680000,0x00000007bfb00000)
 ParOldGen       total 226816K, used 110781K [0x00000007a0000000, 0x00000007add80000, 0x00000007b5580000)
  object space 226816K, 48% used [0x00000007a0000000,0x00000007a6c2f458,0x00000007add80000)
 Metaspace       used 30283K, capacity 30894K, committed 31232K, reserved 1077248K
  class space    used 3575K, capacity 3721K, committed 3840K, reserved 1048576K
}
Event: 17.020 GC heap before
{Heap before GC invocations=11 (full 1):
 PSYoungGen      total 88064K, used 76546K [0x00000007b5580000, 0x00000007bfb00000, 0x00000007c0000000)
  eden space 61952K, 81% used [0x00000007b5580000,0x00000007b8718fc0,0x00000007b9200000)
  from space 26112K, 98% used [0x00000007b9200000,0x00000007bab27ae0,0x00000007bab80000)
  to   space 53760K, 0% used [0x00000007bc680000,0x00000007bc680000,0x00000007bfb00000)
 ParOldGen       total 226816K, used 110781K [0x00000007a0000000, 0x00000007add80000, 0x00000007b5580000)
  object space 226816K, 48% used [0x00000007a0000000,0x00000007a6c2f458,0x00000007add80000)
 Metaspace       used 34780K, capacity 35376K, committed 35496K, reserved 1081344K
  class space    used 4080K, capacity 4234K, committed 4264K, reserved 1048576K
Event: 17.035 GC heap after
Heap after GC invocations=11 (full 1):
 PSYoungGen      total 117760K, used 27356K [0x00000007b5580000, 0x00000007c0000000, 0x00000007c0000000)
  eden space 64000K, 0% used [0x00000007b5580000,0x00000007b5580000,0x00000007b9400000)
  from space 53760K, 50% used [0x00000007bc680000,0x00000007be137270,0x00000007bfb00000)
  to   space 51712K, 0% used [0x00000007b9400000,0x00000007b9400000,0x00000007bc680000)
 ParOldGen       total 226816K, used 110789K [0x00000007a0000000, 0x00000007add80000, 0x00000007b5580000)
  object space 226816K, 48% used [0x00000007a0000000,0x00000007a6c31458,0x00000007add80000)
 Metaspace       used 34780K, capacity 35376K, committed 35496K, reserved 1081344K
  class space    used 4080K, capacity 4234K, committed 4264K, reserved 1048576K
}
Event: 17.035 GC heap before
{Heap before GC invocations=12 (full 2):
 PSYoungGen      total 117760K, used 27356K [0x00000007b5580000, 0x00000007c0000000, 0x00000007c0000000)
  eden space 64000K, 0% used [0x00000007b5580000,0x00000007b5580000,0x00000007b9400000)
  from space 53760K, 50% used [0x00000007bc680000,0x00000007be137270,0x00000007bfb00000)
  to   space 51712K, 0% used [0x00000007b9400000,0x00000007b9400000,0x00000007bc680000)
 ParOldGen       total 226816K, used 110789K [0x00000007a0000000, 0x00000007add80000, 0x00000007b5580000)
  object space 226816K, 48% used [0x00000007a0000000,0x00000007a6c31458,0x00000007add80000)
 Metaspace       used 34780K, capacity 35376K, committed 35496K, reserved 1081344K
  class space    used 4080K, capacity 4234K, committed 4264K, reserved 1048576K
Event: 17.130 GC heap after
Heap after GC invocations=12 (full 2):
 PSYoungGen      total 117760K, used 0K [0x00000007b5580000, 0x00000007c0000000, 0x00000007c0000000)
  eden space 64000K, 0% used [0x00000007b5580000,0x00000007b5580000,0x00000007b9400000)
  from space 53760K, 0% used [0x00000007bc680000,0x00000007bc680000,0x00000007bfb00000)
  to   space 51712K, 0% used [0x00000007b9400000,0x00000007b9400000,0x00000007bc680000)
 ParOldGen       total 281088K, used 89203K [0x00000007a0000000, 0x00000007b1280000, 0x00000007b5580000)
  object space 281088K, 31% used [0x00000007a0000000,0x00000007a571ceb0,0x00000007b1280000)
 Metaspace       used 34780K, capacity 35376K, committed 35496K, reserved 1081344K
  class space    used 4080K, capacity 4234K, committed 4264K, reserved 1048576K
}
Event: 19.049 GC heap before
{Heap before GC invocations=13 (full 2):
 PSYoungGen      total 117760K, used 64000K [0x00000007b5580000, 0x00000007c0000000, 0x00000007c0000000)
  eden space 64000K, 100% used [0x00000007b5580000,0x00000007b9400000,0x00000007b9400000)
  from space 53760K, 0% used [0x00000007bc680000,0x00000007bc680000,0x00000007bfb00000)
  to   space 51712K, 0% used [0x00000007b9400000,0x00000007b9400000,0x00000007bc680000)
 ParOldGen       total 281088K, used 89203K [0x00000007a0000000, 0x00000007b1280000, 0x00000007b5580000)
  object space 281088K, 31% used [0x00000007a0000000,0x00000007a571ceb0,0x00000007b1280000)
 Metaspace       used 42070K, capacity 42688K, committed 42920K, reserved 1087488K
  class space    used 4827K, capacity 4983K, committed 5032K, reserved 1048576K
Event: 19.054 GC heap after
Heap after GC invocations=13 (full 2):
 PSYoungGen      total 115712K, used 7530K [0x00000007b5580000, 0x00000007c0000000, 0x00000007c0000000)
  eden space 64000K, 0% used [0x00000007b5580000,0x00000007b5580000,0x00000007b9400000)
  from space 51712K, 14% used [0x00000007b9400000,0x00000007b9b5a8c0,0x00000007bc680000)
  to   space 53248K, 0% used [0x00000007bcc00000,0x00000007bcc00000,0x00000007c0000000)
 ParOldGen       total 281088K, used 89211K [0x00000007a0000000, 0x00000007b1280000, 0x00000007b5580000)
  object space 281088K, 31% used [0x00000007a0000000,0x00000007a571eeb0,0x00000007b1280000)
 Metaspace       used 42070K, capacity 42688K, committed 42920K, reserved 1087488K
  class space    used 4827K, capacity 4983K, committed 5032K, reserved 1048576K
}

