# JRE version: Java(TM) SE Runtime Environment (8.0_45-b14) (build 1.8.0_45-b14)
# Java VM: Java HotSpot(TM) 64-Bit Server VM (25.45-b02 mixed mode bsd-amd64 compressed oops)
Heap:
 PSYoungGen      total 120320K, used 19190K [0x00000007b5580000, 0x00000007c0000000, 0x00000007c0000000)
  eden space 71168K, 15% used [0x00000007b5580000,0x00000007b6000690,0x00000007b9b00000)
  from space 49152K, 17% used [0x00000007bd000000,0x00000007bd83d348,0x00000007c0000000)
  to   space 51712K, 0% used [0x00000007b9b00000,0x00000007b9b00000,0x00000007bcd80000)
 ParOldGen       total 268800K, used 87342K [0x00000007a0000000, 0x00000007b0680000, 0x00000007b5580000)
  object space 268800K, 32% used [0x00000007a0000000,0x00000007a554bb28,0x00000007b0680000)
 Metaspace       used 43007K, capacity 43704K, committed 44032K, reserved 1087488K
  class space    used 4906K, capacity 5083K, committed 5120K, reserved 1048576K
GC Heap History (10 events):
Event: 2.956 GC heap before
{Heap before GC invocations=10 (full 1):
 PSYoungGen      total 121344K, used 107637K [0x00000007b5580000, 0x00000007bfc80000, 0x00000007c0000000)
  eden space 75776K, 100% used [0x00000007b5580000,0x00000007b9f80000,0x00000007b9f80000)
  from space 45568K, 69% used [0x00000007bd000000,0x00000007bef1d648,0x00000007bfc80000)
  to   space 47616K, 0% used [0x00000007b9f80000,0x00000007b9f80000,0x00000007bce00000)
 ParOldGen       total 224256K, used 100307K [0x00000007a0000000, 0x00000007adb00000, 0x00000007b5580000)
  object space 224256K, 44% used [0x00000007a0000000,0x00000007a61f4d70,0x00000007adb00000)
 Metaspace       used 30778K, capacity 31362K, committed 31744K, reserved 1077248K
  class space    used 3619K, capacity 3751K, committed 3840K, reserved 1048576K
Event: 2.970 GC heap after
Heap after GC invocations=10 (full 1):
 PSYoungGen      total 123392K, used 35095K [0x00000007b5580000, 0x00000007c0000000, 0x00000007c0000000)
  eden space 75776K, 0% used [0x00000007b5580000,0x00000007b5580000,0x00000007b9f80000)
  from space 47616K, 73% used [0x00000007b9f80000,0x00000007bc1c5f70,0x00000007bce00000)
  to   space 47104K, 0% used [0x00000007bd200000,0x00000007bd200000,0x00000007c0000000)
 ParOldGen       total 224256K, used 100315K [0x00000007a0000000, 0x00000007adb00000, 0x00000007b5580000)
  object space 224256K, 44% used [0x00000007a0000000,0x00000007a61f6d70,0x00000007adb00000)
 Metaspace       used 30778K, capacity 31362K, committed 31744K, reserved 1077248K
  class space    used 3619K, capacity 3751K, committed 3840K, reserved 1048576K
}
Event: 8.435 GC heap before
{Heap before GC invocations=11 (full 1):
 PSYoungGen      total 123392K, used 110853K [0x00000007b5580000, 0x00000007c0000000, 0x00000007c0000000)
  eden space 75776K, 99% used [0x00000007b5580000,0x00000007b9f7b608,0x00000007b9f80000)
  from space 47616K, 73% used [0x00000007b9f80000,0x00000007bc1c5f70,0x00000007bce00000)
  to   space 47104K, 0% used [0x00000007bd200000,0x00000007bd200000,0x00000007c0000000)
 ParOldGen       total 224256K, used 100315K [0x00000007a0000000, 0x00000007adb00000, 0x00000007b5580000)
  object space 224256K, 44% used [0x00000007a0000000,0x00000007a61f6d70,0x00000007adb00000)
 Metaspace       used 34031K, capacity 34608K, committed 34944K, reserved 1079296K
  class space    used 4001K, capacity 4170K, committed 4224K, reserved 1048576K
Event: 8.456 GC heap after
Heap after GC invocations=11 (full 1):
 PSYoungGen      total 124416K, used 39720K [0x00000007b5580000, 0x00000007c0000000, 0x00000007c0000000)
  eden space 77312K, 0% used [0x00000007b5580000,0x00000007b5580000,0x00000007ba100000)
  from space 47104K, 84% used [0x00000007bd200000,0x00000007bf8ca090,0x00000007c0000000)
  to   space 48640K, 0% used [0x00000007ba100000,0x00000007ba100000,0x00000007bd080000)
 ParOldGen       total 224256K, used 100323K [0x00000007a0000000, 0x00000007adb00000, 0x00000007b5580000)
  object space 224256K, 44% used [0x00000007a0000000,0x00000007a61f8d70,0x00000007adb00000)
 Metaspace       used 34031K, capacity 34608K, committed 34944K, reserved 1079296K
  class space    used 4001K, capacity 4170K, committed 4224K, reserved 1048576K
}
Event: 8.507 GC heap before
{Heap before GC invocations=12 (full 1):
 PSYoungGen      total 124416K, used 45767K [0x00000007b5580000, 0x00000007c0000000, 0x00000007c0000000)
  eden space 77312K, 7% used [0x00000007b5580000,0x00000007b5b67e20,0x00000007ba100000)
  from space 47104K, 84% used [0x00000007bd200000,0x00000007bf8ca090,0x00000007c0000000)
  to   space 48640K, 0% used [0x00000007ba100000,0x00000007ba100000,0x00000007bd080000)
 ParOldGen       total 224256K, used 100323K [0x00000007a0000000, 0x00000007adb00000, 0x00000007b5580000)
  object space 224256K, 44% used [0x00000007a0000000,0x00000007a61f8d70,0x00000007adb00000)
 Metaspace       used 34670K, capacity 35216K, committed 35496K, reserved 1081344K
  class space    used 4074K, capacity 4266K, committed 4352K, reserved 1048576K
Event: 8.522 GC heap after
Heap after GC invocations=12 (full 1):
 PSYoungGen      total 115200K, used 37409K [0x00000007b5580000, 0x00000007c0000000, 0x00000007c0000000)
  eden space 77312K, 0% used [0x00000007b5580000,0x00000007b5580000,0x00000007ba100000)
  from space 37888K, 98% used [0x00000007ba100000,0x00000007bc5887a0,0x00000007bc600000)
  to   space 49152K, 0% used [0x00000007bd000000,0x00000007bd000000,0x00000007c0000000)
 ParOldGen       total 224256K, used 100331K [0x00000007a0000000, 0x00000007adb00000, 0x00000007b5580000)
  object space 224256K, 44% used [0x00000007a0000000,0x00000007a61fad70,0x00000007adb00000)
 Metaspace       used 34670K, capacity 35216K, committed 35496K, reserved 1081344K
  class space    used 4074K, capacity 4266K, committed 4352K, reserved 1048576K
}
Event: 8.522 GC heap before
{Heap before GC invocations=13 (full 2):
 PSYoungGen      total 115200K, used 37409K [0x00000007b5580000, 0x00000007c0000000, 0x00000007c0000000)
  eden space 77312K, 0% used [0x00000007b5580000,0x00000007b5580000,0x00000007ba100000)
  from space 37888K, 98% used [0x00000007ba100000,0x00000007bc5887a0,0x00000007bc600000)
  to   space 49152K, 0% used [0x00000007bd000000,0x00000007bd000000,0x00000007c0000000)
 ParOldGen       total 224256K, used 100331K [0x00000007a0000000, 0x00000007adb00000, 0x00000007b5580000)
  object space 224256K, 44% used [0x00000007a0000000,0x00000007a61fad70,0x00000007adb00000)
 Metaspace       used 34670K, capacity 35216K, committed 35496K, reserved 1081344K
  class space    used 4074K, capacity 4266K, committed 4352K, reserved 1048576K
Event: 8.614 GC heap after
Heap after GC invocations=13 (full 2):
 PSYoungGen      total 115200K, used 0K [0x00000007b5580000, 0x00000007c0000000, 0x00000007c0000000)
  eden space 77312K, 0% used [0x00000007b5580000,0x00000007b5580000,0x00000007ba100000)
  from space 37888K, 0% used [0x00000007ba100000,0x00000007ba100000,0x00000007bc600000)
  to   space 49152K, 0% used [0x00000007bd000000,0x00000007bd000000,0x00000007c0000000)
 ParOldGen       total 268800K, used 87334K [0x00000007a0000000, 0x00000007b0680000, 0x00000007b5580000)
  object space 268800K, 32% used [0x00000007a0000000,0x00000007a5549b28,0x00000007b0680000)
 Metaspace       used 34670K, capacity 35216K, committed 35496K, reserved 1081344K
  class space    used 4074K, capacity 4266K, committed 4352K, reserved 1048576K
}
Event: 1146.420 GC heap before
{Heap before GC invocations=14 (full 2):
 PSYoungGen      total 115200K, used 77312K [0x00000007b5580000, 0x00000007c0000000, 0x00000007c0000000)
  eden space 77312K, 100% used [0x00000007b5580000,0x00000007ba100000,0x00000007ba100000)
  from space 37888K, 0% used [0x00000007ba100000,0x00000007ba100000,0x00000007bc600000)
  to   space 49152K, 0% used [0x00000007bd000000,0x00000007bd000000,0x00000007c0000000)
 ParOldGen       total 268800K, used 87334K [0x00000007a0000000, 0x00000007b0680000, 0x00000007b5580000)
  object space 268800K, 32% used [0x00000007a0000000,0x00000007a5549b28,0x00000007b0680000)
 Metaspace       used 42828K, capacity 43488K, committed 43776K, reserved 1087488K
  class space    used 4901K, capacity 5079K, committed 5120K, reserved 1048576K
Event: 1146.425 GC heap after
Heap after GC invocations=14 (full 2):
 PSYoungGen      total 120320K, used 8436K [0x00000007b5580000, 0x00000007c0000000, 0x00000007c0000000)
  eden space 71168K, 0% used [0x00000007b5580000,0x00000007b5580000,0x00000007b9b00000)
  from space 49152K, 17% used [0x00000007bd000000,0x00000007bd83d348,0x00000007c0000000)
  to   space 51712K, 0% used [0x00000007b9b00000,0x00000007b9b00000,0x00000007bcd80000)
 ParOldGen       total 268800K, used 87342K [0x00000007a0000000, 0x00000007b0680000, 0x00000007b5580000)
  object space 268800K, 32% used [0x00000007a0000000,0x00000007a554bb28,0x00000007b0680000)
 Metaspace       used 42828K, capacity 43488K, committed 43776K, reserved 1087488K
  class space    used 4901K, capacity 5079K, committed 5120K, reserved 1048576K
}

